\BOOKMARK [1][-]{section.1}{Introduction}{}% 1
\BOOKMARK [1][-]{section.2}{Context and goals}{}% 2
\BOOKMARK [1][-]{section.3}{API's development}{}% 3
\BOOKMARK [1][-]{section.4}{Uncertainty quantification}{}% 4
\BOOKMARK [2][-]{subsection.4.1}{Used Tool : Uncertainty treatment library OpenTURNS}{section.4}% 5
\BOOKMARK [2][-]{subsection.4.2}{Uncertainty sources quantification}{section.4}% 6
\BOOKMARK [2][-]{subsection.4.3}{Sensitivity analysis}{section.4}% 7
\BOOKMARK [3][-]{subsubsection.4.3.1}{Monte-Carlo Sampling and statistical estimations}{subsection.4.3}% 8
\BOOKMARK [3][-]{subsubsection.4.3.2}{Analysis of variance}{subsection.4.3}% 9
\BOOKMARK [3][-]{subsubsection.4.3.3}{Numerical estimation of indices}{subsection.4.3}% 10
\BOOKMARK [3][-]{subsubsection.4.3.4}{Results}{subsection.4.3}% 11
\BOOKMARK [2][-]{subsection.4.4}{Uncertainty propagation}{section.4}% 12
\BOOKMARK [3][-]{subsubsection.4.4.1}{Results}{subsection.4.4}% 13
\BOOKMARK [2][-]{subsection.4.5}{Correlations impact}{section.4}% 14
\BOOKMARK [3][-]{subsubsection.4.5.1}{Copulas for correlations modelling}{subsection.4.5}% 15
\BOOKMARK [3][-]{subsubsection.4.5.2}{Analysis of covariance}{subsection.4.5}% 16
\BOOKMARK [3][-]{subsubsection.4.5.3}{Results}{subsection.4.5}% 17
\BOOKMARK [1][-]{section.5}{Application to morphodynamics processes}{}% 18
\BOOKMARK [2][-]{subsection.5.1}{Governing equations}{section.5}% 19
\BOOKMARK [2][-]{subsection.5.2}{Study cases : ANSWER}{section.5}% 20
\BOOKMARK [2][-]{subsection.5.3}{Calage}{section.5}% 21
\BOOKMARK [2][-]{subsection.5.4}{Range of the uncertain parameters}{section.5}% 22
\BOOKMARK [1][-]{section.6}{Conclusion and perspectives}{}% 23
